TN:
SF:middleware/authMiddleware.js
FN:6,(anonymous_0)
FN:26,(anonymous_1)
FN:26,(anonymous_2)
FNF:3
FNH:3
FNDA:2,(anonymous_0)
FNDA:2,(anonymous_1)
FNDA:2,(anonymous_2)
DA:6,4
DA:7,2
DA:8,2
DA:9,2
DA:10,1
DA:12,2
DA:14,1
DA:15,0
DA:16,0
DA:18,0
DA:19,0
DA:21,2
DA:26,4
DA:27,2
DA:28,1
DA:30,1
LF:16
LH:12
BRDA:9,0,0,1
BRDA:9,0,1,1
BRDA:9,1,0,2
BRDA:9,1,1,2
BRDA:12,2,0,1
BRDA:12,2,1,1
BRDA:16,3,0,0
BRDA:16,3,1,0
BRDA:16,4,0,0
BRDA:16,4,1,0
BRDA:27,5,0,1
BRDA:27,5,1,1
BRF:12
BRH:8
end_of_record
TN:
SF:middleware/errorHandler.js
FN:3,(anonymous_0)
FN:8,(anonymous_1)
FNF:2
FNH:1
FNDA:2,(anonymous_0)
FNDA:0,(anonymous_1)
DA:3,1
DA:4,2
DA:5,2
DA:6,2
DA:7,0
DA:8,0
DA:12,2
DA:13,0
DA:14,0
DA:16,2
LF:10
LH:6
BRDA:4,0,0,1
BRDA:4,0,1,1
BRDA:5,1,0,2
BRDA:5,1,1,0
BRDA:6,2,0,0
BRDA:6,2,1,2
BRDA:12,3,0,0
BRDA:12,3,1,2
BRDA:12,4,0,2
BRDA:12,4,1,2
BRDA:19,5,0,2
BRDA:19,5,1,0
BRF:12
BRH:8
end_of_record
TN:
SF:utils/ApiError.js
FN:2,(anonymous_0)
FNF:1
FNH:1
FNDA:10,(anonymous_0)
DA:3,10
DA:4,10
DA:5,10
LF:3
LH:3
BRF:0
BRH:0
end_of_record
